<?xml version="1.0" encoding="UTF-8"?>
<!-- Generated by org.testng.reporters.JUnitReportReporter -->
<testsuite hostname="EN911182" failures="0" tests="6" name="challengePOM.Runner" time="37.420" errors="0" timestamp="2022-03-16T03:35:49 COT" skipped="0">
  <testcase classname="challengePOM.Runner" name="validateActingTimeline" time="7.248"/>
  <system-out/>
  <testcase classname="challengePOM.Runner" name="failedLogin" time="7.571"/>
  <system-out/>
  <testcase classname="challengePOM.Runner" name="verifyMovieGenreFilter" time="6.988"/>
  <system-out/>
  <testcase classname="challengePOM.Runner" name="successfulLogin" time="5.367"/>
  <system-out/>
  <testcase classname="challengePOM.Runner" name="successfulSearch" time="4.318"/>
  <system-out/>
  <testcase classname="challengePOM.Runner" name="sortByDatesOnAscendingOrder" time="5.928"/>
  <system-out/>
</testsuite> <!-- challengePOM.Runner -->
